This file contains any messages produced by compilers while
running configure, to aid debugging if configure makes a mistake.

It was created by mcl configure 06-058, which was
generated by GNU Autoconf 2.59.  Invocation command line was

  $ ./configure --prefix=/extra/gshi/Project/UsedPrograms/mcl-06-058 --enable-blast

## --------- ##
## Platform. ##
## --------- ##

hostname = gene.cs.ucr.edu
uname -m = i686
uname -r = 2.6.18-92.1.1.el5.centos.plus
uname -s = Linux
uname -v = #1 SMP Fri Jun 20 11:14:35 EDT 2008

/usr/bin/uname -p = unknown
/bin/uname -X     = unknown

/bin/arch              = i686
/usr/bin/arch -k       = unknown
/usr/convex/getsysinfo = unknown
hostinfo               = unknown
/bin/machine           = unknown
/usr/bin/oslevel       = unknown
/bin/universe          = unknown

PATH: /home/csgrads/gshi/bin
PATH: /usr/csshare/bin
PATH: /usr/csshare/sbin
PATH: /usr/bin/
PATH: /bin
PATH: /usr/local/bin
PATH: /usr/ucb
PATH: /sbin
PATH: /usr/sbin
PATH: /usr/local/sbin
PATH: /usr/bin/X11
PATH: /usr/X11R6/bin
PATH: /usr/local/X11
PATH: /usr/local/bin/X11
PATH: /usr/openwin/bin
PATH: .


## ----------- ##
## Core tests. ##
## ----------- ##

configure:1368: checking for a BSD-compatible install
configure:1423: result: /usr/bin//install -c
configure:1434: checking whether build environment is sane
configure:1477: result: yes
configure:1542: checking for gawk
configure:1558: found /usr/bin//gawk
configure:1568: result: gawk
configure:1578: checking whether make sets $(MAKE)
configure:1598: result: yes
configure:1772: checking whether to enable maintainer-specific portions of Makefiles
configure:1781: result: no
configure:1813: checking for style of include used by make
configure:1841: result: GNU
configure:1912: checking for gcc
configure:1928: found /usr/bin//gcc
configure:1938: result: gcc
configure:2182: checking for C compiler version
configure:2185: gcc --version </dev/null >&5
gcc (GCC) 4.1.2 20070626 (Red Hat 4.1.2-14)
Copyright (C) 2006 Free Software Foundation, Inc.
This is free software; see the source for copying conditions.  There is NO
warranty; not even for MERCHANTABILITY or FITNESS FOR A PARTICULAR PURPOSE.

configure:2188: $? = 0
configure:2190: gcc -v </dev/null >&5
Using built-in specs.
Target: i386-redhat-linux
Configured with: ../configure --prefix=/usr --mandir=/usr/share/man --infodir=/usr/share/info --enable-shared --enable-threads=posix --enable-checking=release --with-system-zlib --enable-__cxa_atexit --disable-libunwind-exceptions --enable-libgcj-multifile --enable-languages=c,c++,objc,obj-c++,java,fortran,ada --enable-java-awt=gtk --disable-dssi --enable-plugin --with-java-home=/usr/lib/jvm/java-1.4.2-gcj-1.4.2.0/jre --with-cpu=generic --host=i386-redhat-linux
Thread model: posix
gcc version 4.1.2 20070626 (Red Hat 4.1.2-14)
configure:2193: $? = 0
configure:2195: gcc -V </dev/null >&5
gcc: '-V' option must have argument
configure:2198: $? = 1
configure:2221: checking for C compiler default output file name
configure:2224: gcc    conftest.c  >&5
configure:2227: $? = 0
configure:2273: result: a.out
configure:2278: checking whether the C compiler works
configure:2284: ./a.out
configure:2287: $? = 0
configure:2304: result: yes
configure:2311: checking whether we are cross compiling
configure:2313: result: no
configure:2316: checking for suffix of executables
configure:2318: gcc -o conftest    conftest.c  >&5
configure:2321: $? = 0
configure:2346: result: 
configure:2352: checking for suffix of object files
configure:2373: gcc -c   conftest.c >&5
configure:2376: $? = 0
configure:2398: result: o
configure:2402: checking whether we are using the GNU C compiler
configure:2426: gcc -c   conftest.c >&5
configure:2432: $? = 0
configure:2436: test -z 
			 || test ! -s conftest.err
configure:2439: $? = 0
configure:2442: test -s conftest.o
configure:2445: $? = 0
configure:2458: result: yes
configure:2464: checking whether gcc accepts -g
configure:2485: gcc -c -g  conftest.c >&5
configure:2491: $? = 0
configure:2495: test -z 
			 || test ! -s conftest.err
configure:2498: $? = 0
configure:2501: test -s conftest.o
configure:2504: $? = 0
configure:2515: result: yes
configure:2532: checking for gcc option to accept ANSI C
configure:2602: gcc  -c -g -O2  conftest.c >&5
configure:2608: $? = 0
configure:2612: test -z 
			 || test ! -s conftest.err
configure:2615: $? = 0
configure:2618: test -s conftest.o
configure:2621: $? = 0
configure:2639: result: none needed
configure:2657: gcc -c -g -O2  conftest.c >&5
conftest.c:2: error: expected '=', ',', ';', 'asm' or '__attribute__' before 'me'
configure:2663: $? = 1
configure: failed program was:
| #ifndef __cplusplus
|   choke me
| #endif
configure:2798: checking dependency style of gcc
configure:2888: result: gcc3
configure:2906: checking  _____ weak test for C void* <=> unsigned int conversion
configure:2952: gcc -o conftest -g -O2   conftest.c  >&5
conftest.c: In function 'main':
conftest.c:34: warning: incompatible implicit declaration of built-in function 'exit'
configure:2955: $? = 0
configure:2957: ./conftest
configure:2960: $? = 0
configure:2975: result: passed
configure:3086: checking for gawk
configure:3112: result: gawk
configure:3168: checking for gcc
configure:3194: result: gcc
configure:3438: checking for C compiler version
configure:3441: gcc --version </dev/null >&5
gcc (GCC) 4.1.2 20070626 (Red Hat 4.1.2-14)
Copyright (C) 2006 Free Software Foundation, Inc.
This is free software; see the source for copying conditions.  There is NO
warranty; not even for MERCHANTABILITY or FITNESS FOR A PARTICULAR PURPOSE.

configure:3444: $? = 0
configure:3446: gcc -v </dev/null >&5
Using built-in specs.
Target: i386-redhat-linux
Configured with: ../configure --prefix=/usr --mandir=/usr/share/man --infodir=/usr/share/info --enable-shared --enable-threads=posix --enable-checking=release --with-system-zlib --enable-__cxa_atexit --disable-libunwind-exceptions --enable-libgcj-multifile --enable-languages=c,c++,objc,obj-c++,java,fortran,ada --enable-java-awt=gtk --disable-dssi --enable-plugin --with-java-home=/usr/lib/jvm/java-1.4.2-gcj-1.4.2.0/jre --with-cpu=generic --host=i386-redhat-linux
Thread model: posix
gcc version 4.1.2 20070626 (Red Hat 4.1.2-14)
configure:3449: $? = 0
configure:3451: gcc -V </dev/null >&5
gcc: '-V' option must have argument
configure:3454: $? = 1
configure:3457: checking whether we are using the GNU C compiler
configure:3513: result: yes
configure:3519: checking whether gcc accepts -g
configure:3570: result: yes
configure:3587: checking for gcc option to accept ANSI C
configure:3694: result: none needed
configure:3712: gcc -c -g -O2  conftest.c >&5
conftest.c:2: error: expected '=', ',', ';', 'asm' or '__attribute__' before 'me'
configure:3718: $? = 1
configure: failed program was:
| #ifndef __cplusplus
|   choke me
| #endif
configure:3853: checking dependency style of gcc
configure:3943: result: gcc3
configure:3973: checking for a BSD-compatible install
configure:4028: result: /usr/bin//install -c
configure:4039: checking whether ln -s works
configure:4043: result: yes
configure:4091: checking for ranlib
configure:4107: found /usr/bin//ranlib
configure:4118: result: ranlib
configure:4134: checking for main in -lm
configure:4158: gcc -o conftest -g -O2   conftest.c -lm   >&5
configure:4164: $? = 0
configure:4168: test -z 
			 || test ! -s conftest.err
configure:4171: $? = 0
configure:4174: test -s conftest
configure:4177: $? = 0
configure:4190: result: yes
configure:4208: checking how to run the C preprocessor
configure:4243: gcc -E  conftest.c
configure:4249: $? = 0
configure:4281: gcc -E  conftest.c
conftest.c:13:28: error: ac_nonexistent.h: No such file or directory
configure:4287: $? = 1
configure: failed program was:
| /* confdefs.h.  */
| 
| #define PACKAGE_NAME "mcl"
| #define PACKAGE_TARNAME "mcl"
| #define PACKAGE_VERSION "06-058"
| #define PACKAGE_STRING "mcl 06-058"
| #define PACKAGE_BUGREPORT "mcl-devel@lists.micans.org"
| #define PACKAGE "mcl"
| #define VERSION "06-058"
| #define MCL_HELPFUL_REMINDER
| #define HAVE_LIBM 1
| /* end confdefs.h.  */
| #include <ac_nonexistent.h>
configure:4326: result: gcc -E
configure:4350: gcc -E  conftest.c
configure:4356: $? = 0
configure:4388: gcc -E  conftest.c
conftest.c:13:28: error: ac_nonexistent.h: No such file or directory
configure:4394: $? = 1
configure: failed program was:
| /* confdefs.h.  */
| 
| #define PACKAGE_NAME "mcl"
| #define PACKAGE_TARNAME "mcl"
| #define PACKAGE_VERSION "06-058"
| #define PACKAGE_STRING "mcl 06-058"
| #define PACKAGE_BUGREPORT "mcl-devel@lists.micans.org"
| #define PACKAGE "mcl"
| #define VERSION "06-058"
| #define MCL_HELPFUL_REMINDER
| #define HAVE_LIBM 1
| /* end confdefs.h.  */
| #include <ac_nonexistent.h>
configure:4438: checking for egrep
configure:4448: result: grep -E
configure:4453: checking for ANSI C header files
configure:4478: gcc -c -g -O2  conftest.c >&5
configure:4484: $? = 0
configure:4488: test -z 
			 || test ! -s conftest.err
configure:4491: $? = 0
configure:4494: test -s conftest.o
configure:4497: $? = 0
configure:4586: gcc -o conftest -g -O2   conftest.c -lm  >&5
conftest.c: In function 'main':
conftest.c:30: warning: incompatible implicit declaration of built-in function 'exit'
configure:4589: $? = 0
configure:4591: ./conftest
configure:4594: $? = 0
configure:4609: result: yes
configure:4633: checking for sys/types.h
configure:4649: gcc -c -g -O2  conftest.c >&5
configure:4655: $? = 0
configure:4659: test -z 
			 || test ! -s conftest.err
configure:4662: $? = 0
configure:4665: test -s conftest.o
configure:4668: $? = 0
configure:4679: result: yes
configure:4633: checking for sys/stat.h
configure:4649: gcc -c -g -O2  conftest.c >&5
configure:4655: $? = 0
configure:4659: test -z 
			 || test ! -s conftest.err
configure:4662: $? = 0
configure:4665: test -s conftest.o
configure:4668: $? = 0
configure:4679: result: yes
configure:4633: checking for stdlib.h
configure:4649: gcc -c -g -O2  conftest.c >&5
configure:4655: $? = 0
configure:4659: test -z 
			 || test ! -s conftest.err
configure:4662: $? = 0
configure:4665: test -s conftest.o
configure:4668: $? = 0
configure:4679: result: yes
configure:4633: checking for string.h
configure:4649: gcc -c -g -O2  conftest.c >&5
configure:4655: $? = 0
configure:4659: test -z 
			 || test ! -s conftest.err
configure:4662: $? = 0
configure:4665: test -s conftest.o
configure:4668: $? = 0
configure:4679: result: yes
configure:4633: checking for memory.h
configure:4649: gcc -c -g -O2  conftest.c >&5
configure:4655: $? = 0
configure:4659: test -z 
			 || test ! -s conftest.err
configure:4662: $? = 0
configure:4665: test -s conftest.o
configure:4668: $? = 0
configure:4679: result: yes
configure:4633: checking for strings.h
configure:4649: gcc -c -g -O2  conftest.c >&5
configure:4655: $? = 0
configure:4659: test -z 
			 || test ! -s conftest.err
configure:4662: $? = 0
configure:4665: test -s conftest.o
configure:4668: $? = 0
configure:4679: result: yes
configure:4633: checking for inttypes.h
configure:4649: gcc -c -g -O2  conftest.c >&5
configure:4655: $? = 0
configure:4659: test -z 
			 || test ! -s conftest.err
configure:4662: $? = 0
configure:4665: test -s conftest.o
configure:4668: $? = 0
configure:4679: result: yes
configure:4633: checking for stdint.h
configure:4649: gcc -c -g -O2  conftest.c >&5
configure:4655: $? = 0
configure:4659: test -z 
			 || test ! -s conftest.err
configure:4662: $? = 0
configure:4665: test -s conftest.o
configure:4668: $? = 0
configure:4679: result: yes
configure:4633: checking for unistd.h
configure:4649: gcc -c -g -O2  conftest.c >&5
configure:4655: $? = 0
configure:4659: test -z 
			 || test ! -s conftest.err
configure:4662: $? = 0
configure:4665: test -s conftest.o
configure:4668: $? = 0
configure:4679: result: yes
configure:4710: checking float.h usability
configure:4722: gcc -c -g -O2  conftest.c >&5
configure:4728: $? = 0
configure:4732: test -z 
			 || test ! -s conftest.err
configure:4735: $? = 0
configure:4738: test -s conftest.o
configure:4741: $? = 0
configure:4751: result: yes
configure:4755: checking float.h presence
configure:4765: gcc -E  conftest.c
configure:4771: $? = 0
configure:4791: result: yes
configure:4826: checking for float.h
configure:4833: result: yes
configure:4710: checking limits.h usability
configure:4722: gcc -c -g -O2  conftest.c >&5
configure:4728: $? = 0
configure:4732: test -z 
			 || test ! -s conftest.err
configure:4735: $? = 0
configure:4738: test -s conftest.o
configure:4741: $? = 0
configure:4751: result: yes
configure:4755: checking limits.h presence
configure:4765: gcc -E  conftest.c
configure:4771: $? = 0
configure:4791: result: yes
configure:4826: checking for limits.h
configure:4833: result: yes
configure:4710: checking malloc.h usability
configure:4722: gcc -c -g -O2  conftest.c >&5
configure:4728: $? = 0
configure:4732: test -z 
			 || test ! -s conftest.err
configure:4735: $? = 0
configure:4738: test -s conftest.o
configure:4741: $? = 0
configure:4751: result: yes
configure:4755: checking malloc.h presence
configure:4765: gcc -E  conftest.c
configure:4771: $? = 0
configure:4791: result: yes
configure:4826: checking for malloc.h
configure:4833: result: yes
configure:4701: checking for stdlib.h
configure:4706: result: yes
configure:4701: checking for string.h
configure:4706: result: yes
configure:4701: checking for unistd.h
configure:4706: result: yes
configure:4848: checking for an ANSI C-conforming const
configure:4915: gcc -c -g -O2  conftest.c >&5
configure:4921: $? = 0
configure:4925: test -z 
			 || test ! -s conftest.err
configure:4928: $? = 0
configure:4931: test -s conftest.o
configure:4934: $? = 0
configure:4945: result: yes
configure:4955: checking for size_t
configure:4979: gcc -c -g -O2  conftest.c >&5
configure:4985: $? = 0
configure:4989: test -z 
			 || test ! -s conftest.err
configure:4992: $? = 0
configure:4995: test -s conftest.o
configure:4998: $? = 0
configure:5009: result: yes
configure:5030: checking build system type
configure:5048: result: i686-pc-linux-gnu
configure:5056: checking host system type
configure:5070: result: i686-pc-linux-gnu
configure:5270: checking for the pthreads library -lpthreads
configure:5308: gcc -o conftest -g -O2    conftest.c -lpthreads -lm  >&5
/usr/bin/ld: cannot find -lpthreads
collect2: ld returned 1 exit status
configure:5314: $? = 1
configure: failed program was:
| /* confdefs.h.  */
| 
| #define PACKAGE_NAME "mcl"
| #define PACKAGE_TARNAME "mcl"
| #define PACKAGE_VERSION "06-058"
| #define PACKAGE_STRING "mcl 06-058"
| #define PACKAGE_BUGREPORT "mcl-devel@lists.micans.org"
| #define PACKAGE "mcl"
| #define VERSION "06-058"
| #define MCL_HELPFUL_REMINDER
| #define HAVE_LIBM 1
| #define STDC_HEADERS 1
| #define HAVE_SYS_TYPES_H 1
| #define HAVE_SYS_STAT_H 1
| #define HAVE_STDLIB_H 1
| #define HAVE_STRING_H 1
| #define HAVE_MEMORY_H 1
| #define HAVE_STRINGS_H 1
| #define HAVE_INTTYPES_H 1
| #define HAVE_STDINT_H 1
| #define HAVE_UNISTD_H 1
| #define HAVE_FLOAT_H 1
| #define HAVE_LIMITS_H 1
| #define HAVE_MALLOC_H 1
| #define HAVE_STDLIB_H 1
| #define HAVE_STRING_H 1
| #define HAVE_UNISTD_H 1
| /* end confdefs.h.  */
| #include <pthread.h>
| int
| main ()
| {
| pthread_t th; pthread_join(th, 0);
|                      pthread_attr_init(0); pthread_cleanup_push(0, 0);
|                      pthread_create(0,0,0,0); pthread_cleanup_pop(0);
|   ;
|   return 0;
| }
configure:5341: result: no
configure:5217: checking whether pthreads work without any flags
configure:5308: gcc -o conftest -g -O2    conftest.c  -lm  >&5
/tmp/ccCtyJqt.o: In function `main':
/extra/gshi/Project/UsedPrograms/mcl-06-058/conftest.c:33: undefined reference to `pthread_join'
/extra/gshi/Project/UsedPrograms/mcl-06-058/conftest.c:34: undefined reference to `__pthread_register_cancel'
/extra/gshi/Project/UsedPrograms/mcl-06-058/conftest.c:35: undefined reference to `pthread_create'
/extra/gshi/Project/UsedPrograms/mcl-06-058/conftest.c:35: undefined reference to `__pthread_unregister_cancel'
collect2: ld returned 1 exit status
configure:5314: $? = 1
configure: failed program was:
| /* confdefs.h.  */
| 
| #define PACKAGE_NAME "mcl"
| #define PACKAGE_TARNAME "mcl"
| #define PACKAGE_VERSION "06-058"
| #define PACKAGE_STRING "mcl 06-058"
| #define PACKAGE_BUGREPORT "mcl-devel@lists.micans.org"
| #define PACKAGE "mcl"
| #define VERSION "06-058"
| #define MCL_HELPFUL_REMINDER
| #define HAVE_LIBM 1
| #define STDC_HEADERS 1
| #define HAVE_SYS_TYPES_H 1
| #define HAVE_SYS_STAT_H 1
| #define HAVE_STDLIB_H 1
| #define HAVE_STRING_H 1
| #define HAVE_MEMORY_H 1
| #define HAVE_STRINGS_H 1
| #define HAVE_INTTYPES_H 1
| #define HAVE_STDINT_H 1
| #define HAVE_UNISTD_H 1
| #define HAVE_FLOAT_H 1
| #define HAVE_LIMITS_H 1
| #define HAVE_MALLOC_H 1
| #define HAVE_STDLIB_H 1
| #define HAVE_STRING_H 1
| #define HAVE_UNISTD_H 1
| /* end confdefs.h.  */
| #include <pthread.h>
| int
| main ()
| {
| pthread_t th; pthread_join(th, 0);
|                      pthread_attr_init(0); pthread_cleanup_push(0, 0);
|                      pthread_create(0,0,0,0); pthread_cleanup_pop(0);
|   ;
|   return 0;
| }
configure:5341: result: no
configure:5222: checking whether pthreads work with -Kthread
configure:5308: gcc -o conftest -g -O2 -Kthread   conftest.c  -lm  >&5
gcc: unrecognized option '-Kthread'
/tmp/ccuqWROJ.o: In function `main':
/extra/gshi/Project/UsedPrograms/mcl-06-058/conftest.c:33: undefined reference to `pthread_join'
/extra/gshi/Project/UsedPrograms/mcl-06-058/conftest.c:34: undefined reference to `__pthread_register_cancel'
/extra/gshi/Project/UsedPrograms/mcl-06-058/conftest.c:35: undefined reference to `pthread_create'
/extra/gshi/Project/UsedPrograms/mcl-06-058/conftest.c:35: undefined reference to `__pthread_unregister_cancel'
collect2: ld returned 1 exit status
configure:5314: $? = 1
configure: failed program was:
| /* confdefs.h.  */
| 
| #define PACKAGE_NAME "mcl"
| #define PACKAGE_TARNAME "mcl"
| #define PACKAGE_VERSION "06-058"
| #define PACKAGE_STRING "mcl 06-058"
| #define PACKAGE_BUGREPORT "mcl-devel@lists.micans.org"
| #define PACKAGE "mcl"
| #define VERSION "06-058"
| #define MCL_HELPFUL_REMINDER
| #define HAVE_LIBM 1
| #define STDC_HEADERS 1
| #define HAVE_SYS_TYPES_H 1
| #define HAVE_SYS_STAT_H 1
| #define HAVE_STDLIB_H 1
| #define HAVE_STRING_H 1
| #define HAVE_MEMORY_H 1
| #define HAVE_STRINGS_H 1
| #define HAVE_INTTYPES_H 1
| #define HAVE_STDINT_H 1
| #define HAVE_UNISTD_H 1
| #define HAVE_FLOAT_H 1
| #define HAVE_LIMITS_H 1
| #define HAVE_MALLOC_H 1
| #define HAVE_STDLIB_H 1
| #define HAVE_STRING_H 1
| #define HAVE_UNISTD_H 1
| /* end confdefs.h.  */
| #include <pthread.h>
| int
| main ()
| {
| pthread_t th; pthread_join(th, 0);
|                      pthread_attr_init(0); pthread_cleanup_push(0, 0);
|                      pthread_create(0,0,0,0); pthread_cleanup_pop(0);
|   ;
|   return 0;
| }
configure:5341: result: no
configure:5222: checking whether pthreads work with -kthread
configure:5308: gcc -o conftest -g -O2 -kthread   conftest.c  -lm  >&5
gcc: unrecognized option '-kthread'
/tmp/ccaRIGF9.o: In function `main':
/extra/gshi/Project/UsedPrograms/mcl-06-058/conftest.c:33: undefined reference to `pthread_join'
/extra/gshi/Project/UsedPrograms/mcl-06-058/conftest.c:34: undefined reference to `__pthread_register_cancel'
/extra/gshi/Project/UsedPrograms/mcl-06-058/conftest.c:35: undefined reference to `pthread_create'
/extra/gshi/Project/UsedPrograms/mcl-06-058/conftest.c:35: undefined reference to `__pthread_unregister_cancel'
collect2: ld returned 1 exit status
configure:5314: $? = 1
configure: failed program was:
| /* confdefs.h.  */
| 
| #define PACKAGE_NAME "mcl"
| #define PACKAGE_TARNAME "mcl"
| #define PACKAGE_VERSION "06-058"
| #define PACKAGE_STRING "mcl 06-058"
| #define PACKAGE_BUGREPORT "mcl-devel@lists.micans.org"
| #define PACKAGE "mcl"
| #define VERSION "06-058"
| #define MCL_HELPFUL_REMINDER
| #define HAVE_LIBM 1
| #define STDC_HEADERS 1
| #define HAVE_SYS_TYPES_H 1
| #define HAVE_SYS_STAT_H 1
| #define HAVE_STDLIB_H 1
| #define HAVE_STRING_H 1
| #define HAVE_MEMORY_H 1
| #define HAVE_STRINGS_H 1
| #define HAVE_INTTYPES_H 1
| #define HAVE_STDINT_H 1
| #define HAVE_UNISTD_H 1
| #define HAVE_FLOAT_H 1
| #define HAVE_LIMITS_H 1
| #define HAVE_MALLOC_H 1
| #define HAVE_STDLIB_H 1
| #define HAVE_STRING_H 1
| #define HAVE_UNISTD_H 1
| /* end confdefs.h.  */
| #include <pthread.h>
| int
| main ()
| {
| pthread_t th; pthread_join(th, 0);
|                      pthread_attr_init(0); pthread_cleanup_push(0, 0);
|                      pthread_create(0,0,0,0); pthread_cleanup_pop(0);
|   ;
|   return 0;
| }
configure:5341: result: no
configure:5270: checking for the pthreads library -llthread
configure:5308: gcc -o conftest -g -O2    conftest.c -llthread -lm  >&5
/usr/bin/ld: cannot find -llthread
collect2: ld returned 1 exit status
configure:5314: $? = 1
configure: failed program was:
| /* confdefs.h.  */
| 
| #define PACKAGE_NAME "mcl"
| #define PACKAGE_TARNAME "mcl"
| #define PACKAGE_VERSION "06-058"
| #define PACKAGE_STRING "mcl 06-058"
| #define PACKAGE_BUGREPORT "mcl-devel@lists.micans.org"
| #define PACKAGE "mcl"
| #define VERSION "06-058"
| #define MCL_HELPFUL_REMINDER
| #define HAVE_LIBM 1
| #define STDC_HEADERS 1
| #define HAVE_SYS_TYPES_H 1
| #define HAVE_SYS_STAT_H 1
| #define HAVE_STDLIB_H 1
| #define HAVE_STRING_H 1
| #define HAVE_MEMORY_H 1
| #define HAVE_STRINGS_H 1
| #define HAVE_INTTYPES_H 1
| #define HAVE_STDINT_H 1
| #define HAVE_UNISTD_H 1
| #define HAVE_FLOAT_H 1
| #define HAVE_LIMITS_H 1
| #define HAVE_MALLOC_H 1
| #define HAVE_STDLIB_H 1
| #define HAVE_STRING_H 1
| #define HAVE_UNISTD_H 1
| /* end confdefs.h.  */
| #include <pthread.h>
| int
| main ()
| {
| pthread_t th; pthread_join(th, 0);
|                      pthread_attr_init(0); pthread_cleanup_push(0, 0);
|                      pthread_create(0,0,0,0); pthread_cleanup_pop(0);
|   ;
|   return 0;
| }
configure:5341: result: no
configure:5222: checking whether pthreads work with -pthread
configure:5308: gcc -o conftest -g -O2 -pthread   conftest.c  -lm  >&5
configure:5314: $? = 0
configure:5318: test -z 
			 || test ! -s conftest.err
configure:5321: $? = 0
configure:5324: test -s conftest
configure:5327: $? = 0
configure:5341: result: yes
configure:5361: checking for joinable pthread attribute
configure:5379: gcc -o conftest -g -O2 -pthread   conftest.c  -lm  >&5
configure:5385: $? = 0
configure:5389: test -z 
			 || test ! -s conftest.err
configure:5392: $? = 0
configure:5395: test -s conftest
configure:5398: $? = 0
configure:5464: result: PTHREAD_CREATE_JOINABLE
configure:5471: checking if more special flags are required for pthreads
configure:5478: result: no
configure:5490: checking for cc_r
configure:5517: result: gcc
configure:5558: checking for stdlib.h
configure:5563: result: yes
configure:5703: checking for GNU libc compatible malloc
configure:5732: gcc -o conftest -g -O2 -pthread   conftest.c  -lm  >&5
configure:5735: $? = 0
configure:5737: ./conftest
configure:5740: $? = 0
configure:5754: result: yes
configure:5784: checking for working memcmp
configure:5832: gcc -o conftest -g -O2 -pthread   conftest.c  -lm  >&5
configure:5835: $? = 0
configure:5837: ./conftest
configure:5840: $? = 0
configure:5854: result: yes
configure:5869: checking for vprintf
configure:5926: gcc -o conftest -g -O2 -pthread   conftest.c  -lm  >&5
conftest.c:55: warning: conflicting types for built-in function 'vprintf'
configure:5932: $? = 0
configure:5936: test -z 
			 || test ! -s conftest.err
configure:5939: $? = 0
configure:5942: test -s conftest
configure:5945: $? = 0
configure:5957: result: yes
configure:5964: checking for _doprnt
configure:6021: gcc -o conftest -g -O2 -pthread   conftest.c  -lm  >&5
/tmp/ccQslbxk.o: In function `main':
/extra/gshi/Project/UsedPrograms/mcl-06-058/conftest.c:71: undefined reference to `_doprnt'
/tmp/ccQslbxk.o:(.data+0x0): undefined reference to `_doprnt'
collect2: ld returned 1 exit status
configure:6027: $? = 1
configure: failed program was:
| /* confdefs.h.  */
| 
| #define PACKAGE_NAME "mcl"
| #define PACKAGE_TARNAME "mcl"
| #define PACKAGE_VERSION "06-058"
| #define PACKAGE_STRING "mcl 06-058"
| #define PACKAGE_BUGREPORT "mcl-devel@lists.micans.org"
| #define PACKAGE "mcl"
| #define VERSION "06-058"
| #define MCL_HELPFUL_REMINDER
| #define HAVE_LIBM 1
| #define STDC_HEADERS 1
| #define HAVE_SYS_TYPES_H 1
| #define HAVE_SYS_STAT_H 1
| #define HAVE_STDLIB_H 1
| #define HAVE_STRING_H 1
| #define HAVE_MEMORY_H 1
| #define HAVE_STRINGS_H 1
| #define HAVE_INTTYPES_H 1
| #define HAVE_STDINT_H 1
| #define HAVE_UNISTD_H 1
| #define HAVE_FLOAT_H 1
| #define HAVE_LIMITS_H 1
| #define HAVE_MALLOC_H 1
| #define HAVE_STDLIB_H 1
| #define HAVE_STRING_H 1
| #define HAVE_UNISTD_H 1
| #define HAVE_STDLIB_H 1
| #define HAVE_MALLOC 1
| #define HAVE_VPRINTF 1
| /* end confdefs.h.  */
| /* Define _doprnt to an innocuous variant, in case <limits.h> declares _doprnt.
|    For example, HP-UX 11i <limits.h> declares gettimeofday.  */
| #define _doprnt innocuous__doprnt
| 
| /* System header to define __stub macros and hopefully few prototypes,
|     which can conflict with char _doprnt (); below.
|     Prefer <limits.h> to <assert.h> if __STDC__ is defined, since
|     <limits.h> exists even on freestanding compilers.  */
| 
| #ifdef __STDC__
| # include <limits.h>
| #else
| # include <assert.h>
| #endif
| 
| #undef _doprnt
| 
| /* Override any gcc2 internal prototype to avoid an error.  */
| #ifdef __cplusplus
| extern "C"
| {
| #endif
| /* We use char because int might match the return type of a gcc2
|    builtin and then its argument prototype would still apply.  */
| char _doprnt ();
| /* The GNU C library defines this for functions which it implements
|     to always fail with ENOSYS.  Some functions are actually named
|     something starting with __ and the normal name is an alias.  */
| #if defined (__stub__doprnt) || defined (__stub____doprnt)
| choke me
| #else
| char (*f) () = _doprnt;
| #endif
| #ifdef __cplusplus
| }
| #endif
| 
| int
| main ()
| {
| return f != _doprnt;
|   ;
|   return 0;
| }
configure:6052: result: no
configure:6077: checking for floor
configure:6134: gcc -o conftest -g -O2 -pthread   conftest.c  -lm  >&5
conftest.c:56: warning: conflicting types for built-in function 'floor'
configure:6140: $? = 0
configure:6144: test -z 
			 || test ! -s conftest.err
configure:6147: $? = 0
configure:6150: test -s conftest
configure:6153: $? = 0
configure:6165: result: yes
configure:6077: checking for memset
configure:6134: gcc -o conftest -g -O2 -pthread   conftest.c  -lm  >&5
conftest.c:57: warning: conflicting types for built-in function 'memset'
configure:6140: $? = 0
configure:6144: test -z 
			 || test ! -s conftest.err
configure:6147: $? = 0
configure:6150: test -s conftest
configure:6153: $? = 0
configure:6165: result: yes
configure:6077: checking for pow
configure:6134: gcc -o conftest -g -O2 -pthread   conftest.c  -lm  >&5
conftest.c:58: warning: conflicting types for built-in function 'pow'
configure:6140: $? = 0
configure:6144: test -z 
			 || test ! -s conftest.err
configure:6147: $? = 0
configure:6150: test -s conftest
configure:6153: $? = 0
configure:6165: result: yes
configure:6077: checking for rint
configure:6134: gcc -o conftest -g -O2 -pthread   conftest.c  -lm  >&5
conftest.c:59: warning: conflicting types for built-in function 'rint'
configure:6140: $? = 0
configure:6144: test -z 
			 || test ! -s conftest.err
configure:6147: $? = 0
configure:6150: test -s conftest
configure:6153: $? = 0
configure:6165: result: yes
configure:6077: checking for sqrt
configure:6134: gcc -o conftest -g -O2 -pthread   conftest.c  -lm  >&5
conftest.c:60: warning: conflicting types for built-in function 'sqrt'
configure:6140: $? = 0
configure:6144: test -z 
			 || test ! -s conftest.err
configure:6147: $? = 0
configure:6150: test -s conftest
configure:6153: $? = 0
configure:6165: result: yes
configure:6077: checking for strchr
configure:6134: gcc -o conftest -g -O2 -pthread   conftest.c  -lm  >&5
conftest.c:61: warning: conflicting types for built-in function 'strchr'
configure:6140: $? = 0
configure:6144: test -z 
			 || test ! -s conftest.err
configure:6147: $? = 0
configure:6150: test -s conftest
configure:6153: $? = 0
configure:6165: result: yes
configure:6077: checking for strpbrk
configure:6134: gcc -o conftest -g -O2 -pthread   conftest.c  -lm  >&5
conftest.c:62: warning: conflicting types for built-in function 'strpbrk'
configure:6140: $? = 0
configure:6144: test -z 
			 || test ! -s conftest.err
configure:6147: $? = 0
configure:6150: test -s conftest
configure:6153: $? = 0
configure:6165: result: yes
configure:6077: checking for strstr
configure:6134: gcc -o conftest -g -O2 -pthread   conftest.c  -lm  >&5
conftest.c:63: warning: conflicting types for built-in function 'strstr'
configure:6140: $? = 0
configure:6144: test -z 
			 || test ! -s conftest.err
configure:6147: $? = 0
configure:6150: test -s conftest
configure:6153: $? = 0
configure:6165: result: yes
configure:6315: creating ./config.status

## ---------------------- ##
## Running config.status. ##
## ---------------------- ##

This file was extended by mcl config.status 06-058, which was
generated by GNU Autoconf 2.59.  Invocation command line was

  CONFIG_FILES    = 
  CONFIG_HEADERS  = 
  CONFIG_LINKS    = 
  CONFIG_COMMANDS = 
  $ ./config.status 

on gene.cs.ucr.edu

config.status:731: creating Makefile
config.status:731: creating include/Makefile
config.status:731: creating doc/Makefile
config.status:731: creating graphs/Makefile
config.status:731: creating scripts/Makefile
config.status:731: creating util/Makefile
config.status:731: creating src/Makefile
config.status:731: creating src/taurus/Makefile
config.status:731: creating src/mcl/Makefile
config.status:731: creating src/impala/Makefile
config.status:731: creating src/shcl/Makefile
config.status:731: creating src/shmcl/Makefile
config.status:731: creating src/shmx/Makefile
config.status:731: creating src/shmcxquery/Makefile
config.status:731: creating src/shmcx/Makefile
config.status:731: creating src/contrib/Makefile
config.status:731: creating src/contrib/tribe/Makefile
config.status:731: creating src/alien/Makefile
config.status:731: creating src/alien/oxygen/Makefile
config.status:731: creating src/alien/oxygen/doc/Makefile
config.status:731: creating src/alien/oxygen/src/Makefile
config.status:835: creating config.h
config.status:1159: executing depfiles commands

## ---------------- ##
## Cache variables. ##
## ---------------- ##

ac_cv_build=i686-pc-linux-gnu
ac_cv_build_alias=i686-pc-linux-gnu
ac_cv_c_compiler_gnu=yes
ac_cv_c_const=yes
ac_cv_c_void_uint=passed
ac_cv_env_CC_set=
ac_cv_env_CC_value=
ac_cv_env_CFLAGS_set=
ac_cv_env_CFLAGS_value=
ac_cv_env_CPPFLAGS_set=
ac_cv_env_CPPFLAGS_value=
ac_cv_env_CPP_set=
ac_cv_env_CPP_value=
ac_cv_env_LDFLAGS_set=
ac_cv_env_LDFLAGS_value=
ac_cv_env_build_alias_set=
ac_cv_env_build_alias_value=
ac_cv_env_host_alias_set=
ac_cv_env_host_alias_value=
ac_cv_env_target_alias_set=
ac_cv_env_target_alias_value=
ac_cv_exeext=
ac_cv_func__doprnt=no
ac_cv_func_floor=yes
ac_cv_func_malloc_0_nonnull=yes
ac_cv_func_memcmp_working=yes
ac_cv_func_memset=yes
ac_cv_func_pow=yes
ac_cv_func_rint=yes
ac_cv_func_sqrt=yes
ac_cv_func_strchr=yes
ac_cv_func_strpbrk=yes
ac_cv_func_strstr=yes
ac_cv_func_vprintf=yes
ac_cv_header_float_h=yes
ac_cv_header_inttypes_h=yes
ac_cv_header_limits_h=yes
ac_cv_header_malloc_h=yes
ac_cv_header_memory_h=yes
ac_cv_header_stdc=yes
ac_cv_header_stdint_h=yes
ac_cv_header_stdlib_h=yes
ac_cv_header_string_h=yes
ac_cv_header_strings_h=yes
ac_cv_header_sys_stat_h=yes
ac_cv_header_sys_types_h=yes
ac_cv_header_unistd_h=yes
ac_cv_host=i686-pc-linux-gnu
ac_cv_host_alias=i686-pc-linux-gnu
ac_cv_lib_m_main=yes
ac_cv_objext=o
ac_cv_path_install='/usr/bin//install -c'
ac_cv_prog_AWK=gawk
ac_cv_prog_CPP='gcc -E'
ac_cv_prog_PTHREAD_CC=gcc
ac_cv_prog_ac_ct_CC=gcc
ac_cv_prog_ac_ct_RANLIB=ranlib
ac_cv_prog_cc_g=yes
ac_cv_prog_cc_stdc=
ac_cv_prog_egrep='grep -E'
ac_cv_prog_make_make_set=yes
ac_cv_type_size_t=yes
am_cv_CC_dependencies_compiler_type=gcc3

## ----------------- ##
## Output variables. ##
## ----------------- ##

ACLOCAL='${SHELL} /extra/gshi/Project/UsedPrograms/mcl-06-058/autofoo/missing --run aclocal-1.9'
AMDEPBACKSLASH='\'
AMDEP_FALSE='#'
AMDEP_TRUE=''
AMTAR='${SHELL} /extra/gshi/Project/UsedPrograms/mcl-06-058/autofoo/missing --run tar'
AUTOCONF='${SHELL} /extra/gshi/Project/UsedPrograms/mcl-06-058/autofoo/missing --run autoconf'
AUTOHEADER='${SHELL} /extra/gshi/Project/UsedPrograms/mcl-06-058/autofoo/missing --run autoheader'
AUTOMAKE='${SHELL} /extra/gshi/Project/UsedPrograms/mcl-06-058/autofoo/missing --run automake-1.9'
AWK='gawk'
BUILD_BLAST_FALSE='#'
BUILD_BLAST_TRUE=''
BUILD_TRIBE_FALSE=''
BUILD_TRIBE_TRUE='#'
CC='gcc'
CCDEPMODE='depmode=gcc3'
CFLAGS='-g -O2 -pthread'
CPP='gcc -E'
CPPFLAGS=''
CYGPATH_W='echo'
DEFS='-DHAVE_CONFIG_H'
DEPDIR='.deps'
ECHO_C=''
ECHO_N='-n'
ECHO_T=''
EGREP='grep -E'
EXEEXT=''
INSTALL_DATA='${INSTALL} -m 644'
INSTALL_PROGRAM='${INSTALL}'
INSTALL_SCRIPT='${INSTALL}'
INSTALL_STRIP_PROGRAM='${SHELL} $(install_sh) -c -s'
LDFLAGS=''
LIBOBJS=''
LIBS=' -lm '
LN_S='ln -s'
LTLIBOBJS=''
MAINT='#'
MAINTAINER_MODE_FALSE=''
MAINTAINER_MODE_TRUE='#'
MAKEINFO='${SHELL} /extra/gshi/Project/UsedPrograms/mcl-06-058/autofoo/missing --run makeinfo'
OBJEXT='o'
PACKAGE='mcl'
PACKAGE_BUGREPORT='mcl-devel@lists.micans.org'
PACKAGE_NAME='mcl'
PACKAGE_STRING='mcl 06-058'
PACKAGE_TARNAME='mcl'
PACKAGE_VERSION='06-058'
PATH_SEPARATOR=':'
PTHREAD_CC='gcc'
PTHREAD_CFLAGS='-pthread'
PTHREAD_LIBS=''
RANLIB='ranlib'
SET_MAKE=''
SHELL='/bin/sh'
STRIP=''
VERSION='06-058'
ac_ct_CC='gcc'
ac_ct_RANLIB='ranlib'
ac_ct_STRIP=''
acx_pthread_config=''
am__fastdepCC_FALSE='#'
am__fastdepCC_TRUE=''
am__include='include'
am__leading_dot='.'
am__quote=''
am__tar='${AMTAR} chof - "$$tardir"'
am__untar='${AMTAR} xf -'
bindir='${exec_prefix}/bin'
build='i686-pc-linux-gnu'
build_alias=''
build_cpu='i686'
build_os='linux-gnu'
build_vendor='pc'
datadir='${prefix}/share'
exec_prefix='${prefix}'
host='i686-pc-linux-gnu'
host_alias=''
host_cpu='i686'
host_os='linux-gnu'
host_vendor='pc'
includedir='${prefix}/include'
infodir='${prefix}/info'
install_sh='/extra/gshi/Project/UsedPrograms/mcl-06-058/autofoo/install-sh'
libdir='${exec_prefix}/lib'
libexecdir='${exec_prefix}/libexec'
localstatedir='${prefix}/var'
mandir='${prefix}/man'
mkdir_p='mkdir -p --'
oldincludedir='/usr/include'
prefix='/extra/gshi/Project/UsedPrograms/mcl-06-058'
program_transform_name='s,x,x,'
sbindir='${exec_prefix}/sbin'
sharedstatedir='${prefix}/com'
sysconfdir='${prefix}/etc'
target_alias=''

## ----------- ##
## confdefs.h. ##
## ----------- ##

#define HAVE_FLOAT_H 1
#define HAVE_FLOOR 1
#define HAVE_INTTYPES_H 1
#define HAVE_LIBM 1
#define HAVE_LIMITS_H 1
#define HAVE_MALLOC 1
#define HAVE_MALLOC_H 1
#define HAVE_MEMORY_H 1
#define HAVE_MEMSET 1
#define HAVE_POW 1
#define HAVE_RINT 1
#define HAVE_SQRT 1
#define HAVE_STDINT_H 1
#define HAVE_STDLIB_H 1
#define HAVE_STDLIB_H 1
#define HAVE_STDLIB_H 1
#define HAVE_STRCHR 1
#define HAVE_STRINGS_H 1
#define HAVE_STRING_H 1
#define HAVE_STRING_H 1
#define HAVE_STRPBRK 1
#define HAVE_STRSTR 1
#define HAVE_SYS_STAT_H 1
#define HAVE_SYS_TYPES_H 1
#define HAVE_UNISTD_H 1
#define HAVE_UNISTD_H 1
#define HAVE_VPRINTF 1
#define MCL_HELPFUL_REMINDER
#define PACKAGE "mcl"
#define PACKAGE_BUGREPORT "mcl-devel@lists.micans.org"
#define PACKAGE_NAME "mcl"
#define PACKAGE_STRING "mcl 06-058"
#define PACKAGE_TARNAME "mcl"
#define PACKAGE_VERSION "06-058"
#define STDC_HEADERS 1
#define VERSION "06-058"

configure: exit 0

## ---------------------- ##
## Running config.status. ##
## ---------------------- ##

This file was extended by mcl config.status 06-058, which was
generated by GNU Autoconf 2.59.  Invocation command line was

  CONFIG_FILES    = 
  CONFIG_HEADERS  = 
  CONFIG_LINKS    = 
  CONFIG_COMMANDS = 
  $ ./config.status 

on lizard.cs.ucr.edu

config.status:731: creating Makefile
config.status:731: creating include/Makefile
config.status:731: creating doc/Makefile
config.status:731: creating graphs/Makefile
config.status:731: creating scripts/Makefile
config.status:731: creating util/Makefile
config.status:731: creating src/Makefile
config.status:731: creating src/taurus/Makefile
config.status:731: creating src/mcl/Makefile
config.status:731: creating src/impala/Makefile
config.status:731: creating src/shcl/Makefile
config.status:731: creating src/shmcl/Makefile
config.status:731: creating src/shmx/Makefile
config.status:731: creating src/shmcxquery/Makefile
config.status:731: creating src/shmcx/Makefile
config.status:731: creating src/contrib/Makefile
config.status:731: creating src/contrib/tribe/Makefile
config.status:731: creating src/alien/Makefile
config.status:731: creating src/alien/oxygen/Makefile
config.status:731: creating src/alien/oxygen/doc/Makefile
config.status:731: creating src/alien/oxygen/src/Makefile
config.status:835: creating config.h
config.status:979: config.h is unchanged
config.status:1159: executing depfiles commands
